        -:    0:Source:main.c
        -:    0:Graph:ctest-main.gcno
        -:    0:Data:ctest-main.gcda
        -:    0:Runs:10
        -:    1:#include <stdio.h>
        -:    2:#include <stdlib.h>
        -:    3:#include "convert.h"
        -:    4:
       10:    5:int main(int argc, char *argv[]) {
       10:    6:    int base = DEFAULT_BASE;
       10:    7:    long start = 0, finish = 0;
       10:    8:    int range_mode = 0;
        -:    9:
       10:   10:    parse_options(argc, argv, &base, &start, &finish, &range_mode);
        -:   11:
        6:   12:    if (range_mode) {
        2:   13:        convert_range(start, finish, base);
        -:   14:    } else {
        -:   15:        char input[20];
       17:   16:        while (fgets(input, sizeof(input), stdin)) {
        -:   17:            char *endptr;
       15:   18:            long number = strtol(input, &endptr, 10);
       15:   19:            if (*endptr != '\n' && *endptr != '\0') {
        2:   20:                fprintf(stderr, "Error: Non-long-int token encountered.\n");
        2:   21:                exit(1);
        -:   22:            }
       13:   23:            convert_number(number, base);
       13:   24:            printf("\n");
        -:   25:        }
        -:   26:    }
        -:   27:
        4:   28:    return 0;
        -:   29:}
